<?xml version="1.0" encoding="UTF-8"?>
<!-- Generated by org.testng.reporters.JUnitReportReporter -->
<testsuite hostname="LM-CARLOS-KAFKA" name="br.com.carloskafka.sishibernateserver.fabricas.TestesFabricaCliente" tests="2" failures="0" timestamp="17 Jul 2015 20:37:25 GMT" time="0.031" errors="0">
  <testcase name="fabrica_cliente_converte_objeto_de_dto_para_dominio" time="0.000" classname="br.com.carloskafka.sishibernateserver.fabricas.TestesFabricaCliente"/>
  <testcase name="fabrica_cliente_converte_objeto_de_dominio_para_dto" time="0.031" classname="br.com.carloskafka.sishibernateserver.fabricas.TestesFabricaCliente"/>
</testsuite> <!-- br.com.carloskafka.sishibernateserver.fabricas.TestesFabricaCliente -->
