<?xml version="1.0" encoding="UTF-8"?>
<!-- Generated by org.testng.reporters.JUnitReportReporter -->
<testsuite hostname="LM-CARLOS-KAFKA" name="br.com.carloskafka.sishibernateserver.repositorios.TestesRepositorioCliente" tests="2" failures="0" timestamp="17 Jul 2015 20:36:08 GMT" time="0.078" errors="0">
  <testcase name="repositorio_de_cliente_altera_cliente_existente_com_sucesso" time="0.062" classname="br.com.carloskafka.sishibernateserver.repositorios.TestesRepositorioCliente"/>
  <testcase name="repositorio_de_cliente_salva_e_obtem_cliente_cadastrado_com_sucesso" time="0.016" classname="br.com.carloskafka.sishibernateserver.repositorios.TestesRepositorioCliente"/>
</testsuite> <!-- br.com.carloskafka.sishibernateserver.repositorios.TestesRepositorioCliente -->
