<?xml version="1.0" encoding="UTF-8"?>
<!-- Generated by org.testng.reporters.JUnitReportReporter -->
<testsuite hostname="LM-CARLOS-KAFKA" name="br.com.carloskafka.sishibernateserver.servicos.rmi.TestesServicoSisHibernateServerRmi" tests="2" failures="0" timestamp="17 Jul 2015 20:36:08 GMT" time="0.430" errors="0">
  <testcase name="servico_inclui_novo_cliente" time="0.243" classname="br.com.carloskafka.sishibernateserver.servicos.rmi.TestesServicoSisHibernateServerRmi"/>
  <testcase name="servico_obtem_listagem_clientes" time="0.187" classname="br.com.carloskafka.sishibernateserver.servicos.rmi.TestesServicoSisHibernateServerRmi"/>
</testsuite> <!-- br.com.carloskafka.sishibernateserver.servicos.rmi.TestesServicoSisHibernateServerRmi -->
