<?xml version="1.0" encoding="UTF-8"?>
<!-- Generated by org.testng.reporters.JUnitReportReporter -->
<testsuite hostname="LM-CARLOS-KAFKA" name="br.com.carloskafka.sisjpaspring.repositorios.TestesRepositorioContaAcesso" tests="5" failures="0" timestamp="23 Jul 2015 15:50:39 GMT" time="0.063" errors="0">
  <testcase name="repositorio_de_conta_acesso_obtem_todos_com_sucesso" time="0.016" classname="br.com.carloskafka.sisjpaspring.repositorios.TestesRepositorioContaAcesso"/>
  <testcase name="repositorio_de_conta_acesso_salva_conta_acesso_com_sucesso" time="0.031" classname="br.com.carloskafka.sisjpaspring.repositorios.TestesRepositorioContaAcesso"/>
  <testcase name="repositorio_de_conta_acesso_obtem_conta_acesso_sem_sucesso" time="0.000" classname="br.com.carloskafka.sisjpaspring.repositorios.TestesRepositorioContaAcesso"/>
  <testcase name="repositorio_de_conta_acesso_obtem_conta_acesso_com_sucesso" time="0.000" classname="br.com.carloskafka.sisjpaspring.repositorios.TestesRepositorioContaAcesso"/>
  <testcase name="repositorio_de_conta_acesso_salva_conta_acesso_sem_sucesso" time="0.016" classname="br.com.carloskafka.sisjpaspring.repositorios.TestesRepositorioContaAcesso"/>
</testsuite> <!-- br.com.carloskafka.sisjpaspring.repositorios.TestesRepositorioContaAcesso -->
