<?xml version="1.0" encoding="UTF-8"?>
<!-- Generated by org.testng.reporters.JUnitReportReporter -->
<testsuite hostname="LM-CARLOS-KAFKA" name="br.com.carloskafka.sisjpa.testes.TestesEmpresa" tests="5" failures="0" timestamp="20 Jul 2015 20:55:58 GMT" time="0.047" errors="0">
  <testcase name="empresa_remove_cliente_sem_sucesso" time="0.000" classname="br.com.carloskafka.sisjpa.testes.TestesEmpresa"/>
  <testcase name="empresa_inclui_novo_cliente_com_sucesso" time="0.000" classname="br.com.carloskafka.sisjpa.testes.TestesEmpresa"/>
  <testcase name="empresa_remove_cliente_com_sucesso" time="0.000" classname="br.com.carloskafka.sisjpa.testes.TestesEmpresa"/>
  <testcase name="empresa_inclui_novo_cliente_sem_sucesso" time="0.000" classname="br.com.carloskafka.sisjpa.testes.TestesEmpresa"/>
  <testcase name="empresa_altera_cliente_com_sucesso" time="0.047" classname="br.com.carloskafka.sisjpa.testes.TestesEmpresa"/>
</testsuite> <!-- br.com.carloskafka.sisjpa.testes.TestesEmpresa -->
