<?xml version="1.0" encoding="UTF-8"?>
<!-- Generated by org.testng.reporters.JUnitReportReporter -->
<testsuite hostname="LM-CARLOS-KAFKA" name="br.com.carloskafka.sisjpaspring.repositorios.TestesRepositorioCliente" tests="2" failures="0" timestamp="23 Jul 2015 15:50:39 GMT" time="0.016" errors="0">
  <testcase name="repositorio_de_cliente_salva_cliente_com_conta_acesso_invalida" time="0.000" classname="br.com.carloskafka.sisjpaspring.repositorios.TestesRepositorioCliente"/>
  <testcase name="repositorio_de_cliente_salva_cliente_com_conta_acesso_valida" time="0.016" classname="br.com.carloskafka.sisjpaspring.repositorios.TestesRepositorioCliente"/>
</testsuite> <!-- br.com.carloskafka.sisjpaspring.repositorios.TestesRepositorioCliente -->
