<?xml version="1.0" encoding="UTF-8"?>
<!-- Generated by org.testng.reporters.JUnitReportReporter -->
<testsuite hostname="LM-CARLOS-KAFKA" name="br.com.carloskafka.sisjpaspring.dominio.seguranca.TestesContaAcesso" tests="2" failures="0" timestamp="23 Jul 2015 15:50:39 GMT" time="0.015" errors="0">
  <testcase name="conta_acesso_validacao_sem_erro_obrigatoriedade" time="0.000" classname="br.com.carloskafka.sisjpaspring.dominio.seguranca.TestesContaAcesso"/>
  <testcase name="conta_acesso_validacao_com_erro_obrigatoriedade" time="0.015" classname="br.com.carloskafka.sisjpaspring.dominio.seguranca.TestesContaAcesso"/>
</testsuite> <!-- br.com.carloskafka.sisjpaspring.dominio.seguranca.TestesContaAcesso -->
