<?xml version="1.0" encoding="UTF-8"?>
<!-- Generated by org.testng.reporters.JUnitReportReporter -->
<testsuite hostname="LM-CARLOS-KAFKA" name="br.com.carloskafka.sisjpaspring.dominio.TestesCliente" tests="2" failures="0" timestamp="23 Jul 2015 15:50:39 GMT" time="0.000" errors="0">
  <testcase name="cliente_validacao_sem_erro_obrigatoriedade" time="0.000" classname="br.com.carloskafka.sisjpaspring.dominio.TestesCliente"/>
  <testcase name="cliente_validacao_com_erro_obrigatoriedade" time="0.000" classname="br.com.carloskafka.sisjpaspring.dominio.TestesCliente"/>
</testsuite> <!-- br.com.carloskafka.sisjpaspring.dominio.TestesCliente -->
