<?xml version="1.0" encoding="UTF-8"?>
<!-- Generated by org.testng.reporters.JUnitReportReporter -->
<testsuite hostname="LM-CARLOS-KAFKA" name="br.com.carloskafka.sisjpaspring.dominio.seguranca.TestesAutenticador" tests="2" failures="0" timestamp="23 Jul 2015 15:50:39 GMT" time="0.520" errors="0">
  <testcase name="autenticador_lanca_excecao_ao_validar_conta_acesso_inexistente" time="0.317" classname="br.com.carloskafka.sisjpaspring.dominio.seguranca.TestesAutenticador"/>
  <testcase name="autenticador_valida_conta_acesso_e_retorna_token" time="0.203" classname="br.com.carloskafka.sisjpaspring.dominio.seguranca.TestesAutenticador"/>
</testsuite> <!-- br.com.carloskafka.sisjpaspring.dominio.seguranca.TestesAutenticador -->
