<?xml version="1.0" encoding="UTF-8"?>
<!-- Generated by org.testng.reporters.JUnitReportReporter -->
<testsuite hostname="LM-CARLOS-KAFKA" name="br.com.carloskafka.sishibernateserver.dominio.TestesCliente" tests="1" failures="0" timestamp="17 Jul 2015 20:50:26 GMT" time="0.022" errors="0">
  <testcase name="cliente_validacao_com_erro_de_tamanho_maximo_de_dados" time="0.022" classname="br.com.carloskafka.sishibernateserver.dominio.TestesCliente"/>
</testsuite> <!-- br.com.carloskafka.sishibernateserver.dominio.TestesCliente -->
